<?xml version="1.0" encoding="UTF-8"?>
<!-- Generated by org.testng.reporters.JUnitXMLReporter -->
<testsuite hostname="U3-DPE-CPB-0153" ignored="1" name="Test_Fireforx" tests="1" failures="0" timestamp="01 Mar 2017 14:05:37 GMT" time="15.352" errors="0">
  <testcase name="Test1" time="0.244" classname="com.robot.frameowrk.TestDemoStore.NewTest1"/>
  <testcase name="Test2" time="0.0" classname="com.robot.frameowrk.TestDemoStore.NewTest1">
    <ignored/>
  </testcase> <!-- Test2 -->
</testsuite> <!-- Test_Fireforx -->
