<?xml version="1.0" encoding="UTF-8"?>
<!-- Generated by org.testng.reporters.JUnitXMLReporter -->
<testsuite hostname="U3-DPE-CPB-0153" ignored="1" name="Test_Fireforx" tests="1" failures="0" timestamp="10 Mar 2017 09:15:36 GMT" time="23.362" errors="0">
  <testcase name="Test1" time="0.384" classname="com.robot.frameowrk.TestDemoStore.NewTest1"/>
  <testcase name="Test2" time="0.0" classname="com.robot.frameowrk.TestDemoStore.NewTest1">
    <ignored/>
  </testcase> <!-- Test2 -->
</testsuite> <!-- Test_Fireforx -->
